... logging to /home/tianbot/.ros/log/8ef3953c-5422-11ed-aec2-ac1203da6e66/roslaunch-charlie-miao-5994.log
Checking log directory for disk usage. This may take a while.
Press Ctrl-C to interrupt
Done checking log file disk usage. Usage is <1GB.
]2;roscore
[1mstarted roslaunch server http://charlie-miao:39999/[0m
ros_comm version 1.14.13


SUMMARY
========

PARAMETERS
 * /rosdistro: melodic
 * /rosversion: 1.14.13

NODES

auto-starting new master
[1mprocess[master]: started with pid [6022][0m
[1mROS_MASTER_URI=http://charlie-miao:11311/[0m
]2;roscore http://charlie-miao:11311/
[1msetting /run_id to 8ef3953c-5422-11ed-aec2-ac1203da6e66[0m
[1mprocess[rosout-1]: started with pid [6039][0m
started core service [/rosout]
[rosout-1] killing on exit
[master] killing on exit
shutting down processing monitor...
... shutting down processing monitor complete
[1mdone[0m
... logging to /home/tianbot/.ros/log/fe43885c-5422-11ed-aec2-ac1203da6e66/roslaunch-charlie-miao-7083.log
Checking log directory for disk usage. This may take a while.
Press Ctrl-C to interrupt
Done checking log file disk usage. Usage is <1GB.
]2;roscore
[1mstarted roslaunch server http://charlie-miao:35811/[0m
ros_comm version 1.14.13


SUMMARY
========

PARAMETERS
 * /rosdistro: melodic
 * /rosversion: 1.14.13

NODES

auto-starting new master
[1mprocess[master]: started with pid [7098][0m
[1mROS_MASTER_URI=http://charlie-miao:11311/[0m
]2;roscore http://charlie-miao:11311/
[1msetting /run_id to fe43885c-5422-11ed-aec2-ac1203da6e66[0m
[1mprocess[rosout-1]: started with pid [7122][0m
started core service [/rosout]
[rosout-1] killing on exit
[master] killing on exit
shutting down processing monitor...
... shutting down processing monitor complete
[1mdone[0m
